<?xml version="1.0" encoding="UTF-8"?>
<testsuite name="FizzBuzzTest" tests="18" skipped="0" failures="0" errors="0" timestamp="2022-07-19T11:56:53" hostname="Jiamings-MacBook-Pro.local" time="0.041">
  <properties/>
  <testcase name="should_return_Fizz_when_number_off_given_number_contains_7_and_is_multiple_of_3()" classname="FizzBuzzTest" time="0.023"/>
  <testcase name="should_return_FizzBuzzWhizz_when_number_off_given_number_is_multiple_of_3_5_and_7_and_not_contains_3_5_7()" classname="FizzBuzzTest" time="0.0"/>
  <testcase name="should_return_number_itself_when_number_off_given_normal_number()" classname="FizzBuzzTest" time="0.0"/>
  <testcase name="should_return_FizzBuzz_when_number_off_given_number_is_multiple_of_3_and_5_and_not_contains_3_5_7()" classname="FizzBuzzTest" time="0.0"/>
  <testcase name="should_return_BuzzWhizz_when_number_off_given_number_is_multiple_of_5_and_7_and_not_contains_3_5_7()" classname="FizzBuzzTest" time="0.001"/>
  <testcase name="should_return_Whizz_when_number_off_given_number_contains_5_and_is_multiple_of_7()" classname="FizzBuzzTest" time="0.001"/>
  <testcase name="should_return_Whizz_when_number_off_given_number_contains_7_and_is_multiple_of_5_and_7()" classname="FizzBuzzTest" time="0.001"/>
  <testcase name="should_return_Fizz_when_number_off_given_number_contains_3_and_is_multiple_of_3_5_and_7()" classname="FizzBuzzTest" time="0.0"/>
  <testcase name="should_return_Buzz_when_number_off_given_number_is_multiple_of_5_and_not_contains_3_5_7()" classname="FizzBuzzTest" time="0.0"/>
  <testcase name="should_return_Fizz_when_number_off_given_number_is_multiple_of_3_and_not_contains_3_5_7()" classname="FizzBuzzTest" time="0.001"/>
  <testcase name="should_return_FizzWhizz_when_number_off_given_number_is_multiple_of_3_and_7_and_not_contains_3_5_7()" classname="FizzBuzzTest" time="0.001"/>
  <testcase name="should_return_Fizz_when_number_off_given_number_contains_3_and_is_not_multiple_of_3_5_and_7()" classname="FizzBuzzTest" time="0.0"/>
  <testcase name="should_return_FizzWhizz_when_number_off_given_number_contains_7_and_is_multiple_of_3_and_7()" classname="FizzBuzzTest" time="0.0"/>
  <testcase name="should_return_FizzWhizz_when_number_off_given_number_contains_7_5_and_3_and_is_multiple_of_3_5_and_7()" classname="FizzBuzzTest" time="0.001"/>
  <testcase name="should_return_Whizz_when_number_off_given_number_is_multiple_of_7_and_not_contains_3_5_7()" classname="FizzBuzzTest" time="0.001"/>
  <testcase name="should_return_BuzzWhizz_when_number_off_given_number_contains_5_and_3_and_is_multiple_of_5_and_7()" classname="FizzBuzzTest" time="0.001"/>
  <testcase name="should_return_Buzz_when_number_off_given_number_contains_5_and_is_multiple_of_3_and_5()" classname="FizzBuzzTest" time="0.001"/>
  <testcase name="should_return_Fizz_when_number_off_given_number_contains_7_and_5_and_is_multiple_of_5_and_3()" classname="FizzBuzzTest" time="0.001"/>
  <system-out><![CDATA[]]></system-out>
  <system-err><![CDATA[]]></system-err>
</testsuite>
